Arguments: 
  /usr/local/bin/node /usr/local/bin/yarn add webpack webpack-cli react react-dom react-redux redux redux-logger @babel/score @babel/preset-react @babel/preset-env babel-loader

PATH: 
  /Users/sandylcruz/.rbenv/shims:/usr/local/bin:/usr/bin:/bin:/usr/sbin:/sbin:/usr/texbin:/opt/ImageMagick/bin:/usr/local/git/bin:/Applications/Postgres.app/Contents/Versions/latest/bin:/Users/sandylcruz/.rbenv/shims

Yarn version: 
  1.22.10

Node version: 
  14.15.5

Platform: 
  darwin x64

Trace: 
  Error: https://registry.yarnpkg.com/@babel%2fscore: Not found
      at Request.params.callback [as _callback] (/usr/local/lib/node_modules/yarn/lib/cli.js:66988:18)
      at Request.self.callback (/usr/local/lib/node_modules/yarn/lib/cli.js:140662:22)
      at Request.emit (events.js:315:20)
      at Request.<anonymous> (/usr/local/lib/node_modules/yarn/lib/cli.js:141634:10)
      at Request.emit (events.js:315:20)
      at IncomingMessage.<anonymous> (/usr/local/lib/node_modules/yarn/lib/cli.js:141556:12)
      at Object.onceWrapper (events.js:421:28)
      at IncomingMessage.emit (events.js:327:22)
      at endReadableNT (internal/streams/readable.js:1327:12)
      at processTicksAndRejections (internal/process/task_queues.js:80:21)

npm manifest: 
  {
    "name": "frontend",
    "version": "1.0.0",
    "description": "",
    "main": "index.js",
    "scripts": {
      "test": "echo \"Error: no test specified\" && exit 1"
    },
    "keywords": [],
    "author": "",
    "license": "ISC"
  }

yarn manifest: 
  No manifest

Lockfile: 
  No lockfile
